<?xml version="1.0" encoding="UTF-8"?>
<!-- Generated by org.testng.reporters.JUnitXMLReporter -->
<testsuite hostname="Boutiqaats-Mac-mini.local" ignored="0" name="Test" tests="1" failures="0" timestamp="14 Jun 2017 10:03:30 GMT" time="13.134" errors="0">
  <testcase name="@BeforeClass setup" time="13.087" classname="boutiqaat.ios.com.Base">
    <failure type="org.openqa.selenium.SessionNotCreatedException" message="Unable to create new remote session. desired capabilities = Capabilities [{newCommandTimeout=600, platformVersion=10.3.2, automationName=XCUITest, bundleId=com.test.boutiqaat, platformName=iOS, udid=10f342c8e010fae33493117d2409ae412ea2bd59, deviceName=iPhone}], required capabilities = Capabilities [{}]
Build info: version: &amp;apos;3.4.0&amp;apos;, revision: &amp;apos;unknown&amp;apos;, time: &amp;apos;unknown&amp;apos;
System info: host: &amp;apos;Boutiqaats-Mac-mini.local&amp;apos;, ip: &amp;apos;192.168.1.102&amp;apos;, os.name: &amp;apos;Mac OS X&amp;apos;, os.arch: &amp;apos;x86_64&amp;apos;, os.version: &amp;apos;10.12.5&amp;apos;, java.version: &amp;apos;1.8.0_131&amp;apos;
Driver info: driver.version: IOSDriver">
      <![CDATA[org.openqa.selenium.SessionNotCreatedException: Unable to create new remote session. desired capabilities = Capabilities [{newCommandTimeout=600, platformVersion=10.3.2, automationName=XCUITest, bundleId=com.test.boutiqaat, platformName=iOS, udid=10f342c8e010fae33493117d2409ae412ea2bd59, deviceName=iPhone}], required capabilities = Capabilities [{}]
Build info: version: '3.4.0', revision: 'unknown', time: 'unknown'
System info: host: 'Boutiqaats-Mac-mini.local', ip: '192.168.1.102', os.name: 'Mac OS X', os.arch: 'x86_64', os.version: '10.12.5', java.version: '1.8.0_131'
Driver info: driver.version: IOSDriver
	at io.appium.java_client.remote.AppiumProtocolHandShake.lambda$1(AppiumProtocolHandShake.java:96)
	at java.util.Optional.orElseThrow(Optional.java:290)
	at io.appium.java_client.remote.AppiumProtocolHandShake.createSession(AppiumProtocolHandShake.java:96)
	at io.appium.java_client.remote.AppiumCommandExecutor.doExecute(AppiumCommandExecutor.java:111)
	at io.appium.java_client.remote.AppiumCommandExecutor.execute(AppiumCommandExecutor.java:162)
	at org.openqa.selenium.remote.RemoteWebDriver.execute(RemoteWebDriver.java:604)
	at io.appium.java_client.DefaultGenericMobileDriver.execute(DefaultGenericMobileDriver.java:42)
	at io.appium.java_client.AppiumDriver.execute(AppiumDriver.java:1)
	at io.appium.java_client.ios.IOSDriver.execute(IOSDriver.java:1)
	at org.openqa.selenium.remote.RemoteWebDriver.startSession(RemoteWebDriver.java:244)
	at org.openqa.selenium.remote.RemoteWebDriver.<init>(RemoteWebDriver.java:131)
	at org.openqa.selenium.remote.RemoteWebDriver.<init>(RemoteWebDriver.java:144)
	at io.appium.java_client.DefaultGenericMobileDriver.<init>(DefaultGenericMobileDriver.java:38)
	at io.appium.java_client.AppiumDriver.<init>(AppiumDriver.java:88)
	at io.appium.java_client.AppiumDriver.<init>(AppiumDriver.java:112)
	at io.appium.java_client.ios.IOSDriver.<init>(IOSDriver.java:78)
	at boutiqaat.ios.com.Base.setup(Base.java:39)
... Removed 25 stack frames]]>
    </failure>
  </testcase> <!-- @BeforeClass setup -->
  <testcase name="@AfterClass teardown" time="0.0" classname="boutiqaat.ios.com.Base">
    <skipped/>
  </testcase> <!-- @AfterClass teardown -->
  <testcase name="changethecountry" time="0.0" classname="boutiqaat.ios.com.Oman">
    <skipped/>
  </testcase> <!-- changethecountry -->
</testsuite> <!-- Test -->
