<?xml version="1.0" encoding="UTF-8"?>
<testsuite xmlns:xsi="http://www.w3.org/2001/XMLSchema-instance" xsi:noNamespaceSchemaLocation="https://maven.apache.org/surefire/maven-surefire-plugin/xsd/surefire-test-report.xsd" name="TestSuite" time="119.112" tests="2" errors="0" skipped="0" failures="2">
  <properties>
[...]
</properties>
  <testcase name="changethecountry" classname="boutiqaat.ios.com.Oman" time="47.83">
    <failure message="org.apache.http.NoHttpResponseException: 0.0.0.0:4723 failed to respond&#10;Build info: version: &apos;3.4.0&apos;, revision: &apos;unknown&apos;, time: &apos;unknown&apos;&#10;System info: host: &apos;Boutiqaats-Mac-mini.local&apos;, ip: &apos;192.168.1.106&apos;, os.name: &apos;Mac OS X&apos;, os.arch: &apos;x86_64&apos;, os.version: &apos;10.12.5&apos;, java.version: &apos;1.8.0_131&apos;&#10;Driver info: driver.version: IOSDriver" type="org.openqa.selenium.WebDriverException">org.openqa.selenium.WebDriverException: 
org.apache.http.NoHttpResponseException: 0.0.0.0:4723 failed to respond
Build info: version: '3.4.0', revision: 'unknown', time: 'unknown'
System info: host: 'Boutiqaats-Mac-mini.local', ip: '192.168.1.106', os.name: 'Mac OS X', os.arch: 'x86_64', os.version: '10.12.5', java.version: '1.8.0_131'
Driver info: driver.version: IOSDriver
	at boutiqaat.ios.com.Oman.changethecountry(Oman.java:75)
Caused by: org.apache.http.NoHttpResponseException: 0.0.0.0:4723 failed to respond
	at boutiqaat.ios.com.Oman.changethecountry(Oman.java:75)
</failure>
  </testcase>
  <testcase name="teardown" classname="boutiqaat.ios.com.Oman" time="57.844">
    <failure message="org.apache.http.conn.HttpHostConnectException: Connect to 0.0.0.0:4723 [/0.0.0.0] failed: Connection refused (Connection refused)&#10;Build info: version: &apos;3.4.0&apos;, revision: &apos;unknown&apos;, time: &apos;unknown&apos;&#10;System info: host: &apos;Boutiqaats-Mac-mini.local&apos;, ip: &apos;192.168.1.106&apos;, os.name: &apos;Mac OS X&apos;, os.arch: &apos;x86_64&apos;, os.version: &apos;10.12.5&apos;, java.version: &apos;1.8.0_131&apos;&#10;Driver info: driver.version: RemoteWebDriver" type="org.openqa.selenium.WebDriverException">org.openqa.selenium.WebDriverException: 
org.apache.http.conn.HttpHostConnectException: Connect to 0.0.0.0:4723 [/0.0.0.0] failed: Connection refused (Connection refused)
Build info: version: '3.4.0', revision: 'unknown', time: 'unknown'
System info: host: 'Boutiqaats-Mac-mini.local', ip: '192.168.1.106', os.name: 'Mac OS X', os.arch: 'x86_64', os.version: '10.12.5', java.version: '1.8.0_131'
Driver info: driver.version: RemoteWebDriver
Caused by: org.apache.http.conn.HttpHostConnectException: Connect to 0.0.0.0:4723 [/0.0.0.0] failed: Connection refused (Connection refused)
Caused by: java.net.ConnectException: Connection refused (Connection refused)
</failure>
  </testcase>
</testsuite>